Using pre-set license
Built from '2020.3/staging' branch; Version is '2020.3.17f1 (a4537701e4ab) revision 10769271'; Using compiler version '192528614'; Build Type 'Release'
OS: 'Windows 10 Home; OS build 19043.1288; Version 2009; 64bit' Language: 'en' Physical Memory: 3910 MB
BatchMode: 1, IsHumanControllingUs: 0, StartBugReporterOnCrash: 0, Is64bit: 1, IsPro: 0

COMMAND LINE ARGUMENTS:
C:\Program Files\Unity\Hub\Editor\2020.3.17f1\Editor\Unity.exe
-adb2
-batchMode
-noUpm
-name
AssetImportWorker0
-projectPath
C:/Users/RoboCodeStudent/Desktop/marius/monsterchaser
-logFile
Logs/AssetImportWorker0.log
-srvPort
58310
Successfully changed project path to: C:/Users/RoboCodeStudent/Desktop/marius/monsterchaser
C:/Users/RoboCodeStudent/Desktop/marius/monsterchaser
Using Asset Import Pipeline V2.
Refreshing native plugins compatible for Editor in 70.83 ms, found 3 plugins.
Preloading 0 native plugins for Editor in 0.00 ms.
Initialize engine version: 2020.3.17f1 (a4537701e4ab)
[Subsystems] Discovering subsystems at path C:/Program Files/Unity/Hub/Editor/2020.3.17f1/Editor/Data/Resources/UnitySubsystems
[Subsystems] Discovering subsystems at path C:/Users/RoboCodeStudent/Desktop/marius/monsterchaser/Assets
GfxDevice: creating device client; threaded=0
Direct3D:
    Version:  Direct3D 11.0 [level 11.1]
    Renderer: Intel(R) UHD Graphics 620 (ID=0x3ea0)
    Vendor:   
    VRAM:     1955 MB
    Driver:   26.20.100.7323
Initialize mono
Mono path[0] = 'C:/Program Files/Unity/Hub/Editor/2020.3.17f1/Editor/Data/Managed'
Mono path[1] = 'C:/Program Files/Unity/Hub/Editor/2020.3.17f1/Editor/Data/MonoBleedingEdge/lib/mono/unityjit'
Mono config path = 'C:/Program Files/Unity/Hub/Editor/2020.3.17f1/Editor/Data/MonoBleedingEdge/etc'
Using monoOptions --debugger-agent=transport=dt_socket,embedding=1,server=y,suspend=n,address=127.0.0.1:56212
Begin MonoManager ReloadAssembly
Registering precompiled unity dll's ...
Register platform support module: C:/Program Files/Unity/Hub/Editor/2020.3.17f1/Editor/Data/PlaybackEngines/WindowsStandaloneSupport/UnityEditor.WindowsStandalone.Extensions.dll
Registered in 0.003667 seconds.
Native extension for WindowsStandalone target not found
Refreshing native plugins compatible for Editor in 52.72 ms, found 3 plugins.
Preloading 0 native plugins for Editor in 0.00 ms.
Mono: successfully reloaded assembly
- Completed reload, in  3.316 seconds
Domain Reload Profiling:
	ReloadAssembly (3316ms)
		BeginReloadAssembly (92ms)
			ExecutionOrderSort (0ms)
			DisableScriptedObjects (0ms)
			BackupInstance (0ms)
			ReleaseScriptingObjects (0ms)
			CreateAndSetChildDomain (1ms)
		EndReloadAssembly (489ms)
			LoadAssemblies (89ms)
			RebuildTransferFunctionScriptingTraits (0ms)
			SetupTypeCache (155ms)
			ReleaseScriptCaches (0ms)
			RebuildScriptCaches (40ms)
			SetupLoadedEditorAssemblies (214ms)
				LogAssemblyErrors (0ms)
				InitializePlatformSupportModulesInManaged (4ms)
				SetLoadedEditorAssemblies (0ms)
				RefreshPlugins (53ms)
				BeforeProcessingInitializeOnLoad (11ms)
				ProcessInitializeOnLoadAttributes (107ms)
				ProcessInitializeOnLoadMethodAttributes (38ms)
				AfterProcessingInitializeOnLoad (0ms)
				EditorAssembliesLoaded (0ms)
			ExecutionOrderSort2 (0ms)
			AwakeInstancesAfterBackupRestoration (0ms)
Platform modules already initialized, skipping
Registering precompiled user dll's ...
Registered in 0.197899 seconds.
Begin MonoManager ReloadAssembly
Native extension for WindowsStandalone target not found
Refreshing native plugins compatible for Editor in 45.43 ms, found 3 plugins.
Preloading 0 native plugins for Editor in 0.00 ms.
Mono: successfully reloaded assembly
- Completed reload, in  1.415 seconds
Domain Reload Profiling:
	ReloadAssembly (1416ms)
		BeginReloadAssembly (145ms)
			ExecutionOrderSort (0ms)
			DisableScriptedObjects (7ms)
			BackupInstance (0ms)
			ReleaseScriptingObjects (0ms)
			CreateAndSetChildDomain (19ms)
		EndReloadAssembly (1200ms)
			LoadAssemblies (196ms)
			RebuildTransferFunctionScriptingTraits (0ms)
			SetupTypeCache (359ms)
			ReleaseScriptCaches (1ms)
			RebuildScriptCaches (62ms)
			SetupLoadedEditorAssemblies (431ms)
				LogAssemblyErrors (0ms)
				InitializePlatformSupportModulesInManaged (5ms)
				SetLoadedEditorAssemblies (0ms)
				RefreshPlugins (46ms)
				BeforeProcessingInitializeOnLoad (65ms)
				ProcessInitializeOnLoadAttributes (295ms)
				ProcessInitializeOnLoadMethodAttributes (14ms)
				AfterProcessingInitializeOnLoad (5ms)
				EditorAssembliesLoaded (0ms)
			ExecutionOrderSort2 (0ms)
			AwakeInstancesAfterBackupRestoration (7ms)
Platform modules already initialized, skipping
========================================================================
Worker process is ready to serve import requests
Launched and connected shader compiler UnityShaderCompiler.exe after 0.10 seconds
Refreshing native plugins compatible for Editor in 0.67 ms, found 3 plugins.
Preloading 0 native plugins for Editor in 0.00 ms.
Unloading 2091 Unused Serialized files (Serialized files now loaded: 0)
System memory in use before: 93.0 MB.
System memory in use after: 93.1 MB.

Unloading 28 unused Assets to reduce memory usage. Loaded Objects now: 2528.
Total: 4.693400 ms (FindLiveObjects: 0.358800 ms CreateObjectMapping: 0.140100 ms MarkObjects: 4.078000 ms  DeleteObjects: 0.114100 ms)

AssetImportParameters requested are different than current active one (requested -> active):
  custom:framework-win-MediaFoundation: 216162199b28c13a410421893ffa2e32 -> 
  custom:video-decoder-ogg-theora: a1e56fd34408186e4bbccfd4996cb3dc -> 
  custom:container-muxer-webm: aa71ff27fc2769a1b78a27578f13a17b -> 
  custom:container-demuxer-webm: 4f35f7cbe854078d1ac9338744f61a02 -> 
  custom:container-demuxer-ogg: 62fdf1f143b41e24485cea50d1cbac27 -> 
  custom:video-encoder-webm-vp8: eb34c28f22e8b96e1ab97ce403110664 -> 
  custom:video-decoder-webm-vp8: 9c59270c3fd7afecdb556c50c9e8de78 -> 
  custom:audio-decoder-ogg-vorbis: bf7c407c2cedff20999df2af8eb42d56 -> 
  custom:audio-encoder-webm-vorbis: bf7c407c2cedff20999df2af8eb42d56 -> 
========================================================================
Received Import Request.
  path: Assets/Sprites/Home.png
  artifactKey: Guid(9216f2a60fac2e34d9883922cc6cedb2) Importer(815301076,1909f56bfc062723c751e8b465ee728b)
Start importing Assets/Sprites/Home.png using Guid(9216f2a60fac2e34d9883922cc6cedb2) Importer(815301076,1909f56bfc062723c751e8b465ee728b)  -> (artifact id: 'facf1435a6484cc34856cf532e818723') in 0.183426 seconds 
  Import took 0.187116 seconds .

========================================================================
Received Import Request.
  Time since last request: 0.000225 seconds.
  path: Assets/Sprites/ground.png
  artifactKey: Guid(7d86c55f186b2144eb294fb50c02194e) Importer(815301076,1909f56bfc062723c751e8b465ee728b)
Start importing Assets/Sprites/ground.png using Guid(7d86c55f186b2144eb294fb50c02194e) Importer(815301076,1909f56bfc062723c751e8b465ee728b)  -> (artifact id: 'ff7e2eef868e652e39680dfcd5c71743') in 0.039923 seconds 
  Import took 0.045946 seconds .

========================================================================
Received Import Request.
  Time since last request: 0.000222 seconds.
  path: Assets/Sprites/heart.png
  artifactKey: Guid(6a32e78e8c9ffd142b503ccad810fe74) Importer(815301076,1909f56bfc062723c751e8b465ee728b)
Start importing Assets/Sprites/heart.png using Guid(6a32e78e8c9ffd142b503ccad810fe74) Importer(815301076,1909f56bfc062723c751e8b465ee728b)  -> (artifact id: 'd0b072ab2bffb2c6d6188f742ccf00aa') in 0.048303 seconds 
  Import took 0.052443 seconds .

========================================================================
Received Import Request.
  Time since last request: 0.000213 seconds.
  path: Assets/Sprites/spike.png
  artifactKey: Guid(9fd90cfd61bebf44695c83e25c724cfa) Importer(815301076,1909f56bfc062723c751e8b465ee728b)
Start importing Assets/Sprites/spike.png using Guid(9fd90cfd61bebf44695c83e25c724cfa) Importer(815301076,1909f56bfc062723c751e8b465ee728b)  -> (artifact id: '0d0049e5d423d371ba7bdc7191040719') in 0.034057 seconds 
  Import took 0.037675 seconds .

========================================================================
Received Import Request.
  Time since last request: 0.000607 seconds.
  path: Assets/Sprites
  artifactKey: Guid(d63653092477d5c4aaf879d195b297bd) Importer(815301076,1909f56bfc062723c751e8b465ee728b)
Start importing Assets/Sprites using Guid(d63653092477d5c4aaf879d195b297bd) Importer(815301076,1909f56bfc062723c751e8b465ee728b)  -> (artifact id: '93f068eadeb348e0d1edfc4ef75a970d') in 0.007156 seconds 
  Import took 0.012164 seconds .

========================================================================
Received Import Request.
  Time since last request: 0.000436 seconds.
  path: Assets/Sprites/main-character.png
  artifactKey: Guid(b9dc151008198bf4fbff3728e8173ceb) Importer(815301076,1909f56bfc062723c751e8b465ee728b)
Start importing Assets/Sprites/main-character.png using Guid(b9dc151008198bf4fbff3728e8173ceb) Importer(815301076,1909f56bfc062723c751e8b465ee728b)  -> (artifact id: 'a224f30250e87066a6a411034cb79c61') in 0.038218 seconds 
  Import took 0.046472 seconds .

========================================================================
Received Import Request.
  Time since last request: 0.000257 seconds.
  path: Assets/Sprites/Players.png
  artifactKey: Guid(b6c8cc83ef181cd4aa7d93027993c412) Importer(815301076,1909f56bfc062723c751e8b465ee728b)
Start importing Assets/Sprites/Players.png using Guid(b6c8cc83ef181cd4aa7d93027993c412) Importer(815301076,1909f56bfc062723c751e8b465ee728b)  -> (artifact id: 'e3a9d6036e1d342a193c27096d64f579') in 0.040556 seconds 
  Import took 0.047410 seconds .

========================================================================
Received Import Request.
  Time since last request: 0.000173 seconds.
  path: Assets/Sprites/Moon.png
  artifactKey: Guid(4397f89119ed55b47bedd4b3d407779b) Importer(815301076,1909f56bfc062723c751e8b465ee728b)
Start importing Assets/Sprites/Moon.png using Guid(4397f89119ed55b47bedd4b3d407779b) Importer(815301076,1909f56bfc062723c751e8b465ee728b)  -> (artifact id: '9b432a69099ff89406f101d96ea8d3a0') in 0.035400 seconds 
  Import took 0.040313 seconds .

========================================================================
Received Import Request.
  Time since last request: 0.000184 seconds.
  path: Assets/Sprites/coin.png
  artifactKey: Guid(fcfdf862256f1484e8236cb88676db90) Importer(815301076,1909f56bfc062723c751e8b465ee728b)
Start importing Assets/Sprites/coin.png using Guid(fcfdf862256f1484e8236cb88676db90) Importer(815301076,1909f56bfc062723c751e8b465ee728b)  -> (artifact id: '3b7ad091d4636b6b66ba41e3c2a3c4f1') in 0.038160 seconds 
  Import took 0.043341 seconds .

========================================================================
Received Import Request.
  Time since last request: 0.000200 seconds.
  path: Assets/Sprites/Restart.png
  artifactKey: Guid(dffbdc19f032ebe45996f429f92ffbaf) Importer(815301076,1909f56bfc062723c751e8b465ee728b)
Start importing Assets/Sprites/Restart.png using Guid(dffbdc19f032ebe45996f429f92ffbaf) Importer(815301076,1909f56bfc062723c751e8b465ee728b)  -> (artifact id: 'd8b96b0281633e9485b13a371c53b957') in 0.035258 seconds 
  Import took 0.039291 seconds .

========================================================================
Received Import Request.
  Time since last request: 0.000193 seconds.
  path: Assets/Sprites/Enemies.png
  artifactKey: Guid(35a983b1b19029e4d9723bf6dfdbea77) Importer(815301076,1909f56bfc062723c751e8b465ee728b)
Start importing Assets/Sprites/Enemies.png using Guid(35a983b1b19029e4d9723bf6dfdbea77) Importer(815301076,1909f56bfc062723c751e8b465ee728b)  -> (artifact id: '1bdbc68f1e623c8e649f245c16f870f2') in 0.038727 seconds 
  Import took 0.043035 seconds .

========================================================================
Received Import Request.
  Time since last request: 0.000573 seconds.
  path: Assets/Sprites/Background.jpg
  artifactKey: Guid(0af42d2118ea6e34bac49241e1f28fb1) Importer(815301076,1909f56bfc062723c751e8b465ee728b)
Start importing Assets/Sprites/Background.jpg using Guid(0af42d2118ea6e34bac49241e1f28fb1) Importer(815301076,1909f56bfc062723c751e8b465ee728b)  -> (artifact id: 'dc5d6d07ac735450fe40d2f332cbfb18') in 0.033317 seconds 
  Import took 0.038228 seconds .

========================================================================
Received Import Request.
  Time since last request: 0.000170 seconds.
  path: Assets/Sprites/Enemies.png
  artifactKey: Guid(35a983b1b19029e4d9723bf6dfdbea77) Importer(815301076,1909f56bfc062723c751e8b465ee728b)
Start importing Assets/Sprites/Enemies.png using Guid(35a983b1b19029e4d9723bf6dfdbea77) Importer(815301076,1909f56bfc062723c751e8b465ee728b)  -> (artifact id: '1bdbc68f1e623c8e649f245c16f870f2') in 0.037727 seconds 
  Import took 0.041989 seconds .

========================================================================
Received Import Request.
  Time since last request: 0.000216 seconds.
  path: Assets/Sprites/Player Select.png
  artifactKey: Guid(dee7cfd2a66311a429423879ac92b950) Importer(815301076,1909f56bfc062723c751e8b465ee728b)
Start importing Assets/Sprites/Player Select.png using Guid(dee7cfd2a66311a429423879ac92b950) Importer(815301076,1909f56bfc062723c751e8b465ee728b)  -> (artifact id: '6c4ba1f4081561b46f6975b068015c78') in 0.038263 seconds 
  Import took 0.043755 seconds .

========================================================================
Received Import Request.
  Time since last request: 0.001019 seconds.
  path: Assets/Sprites/Ground.jpg
  artifactKey: Guid(a59ed0fa006735043b226c35535e7fd8) Importer(815301076,1909f56bfc062723c751e8b465ee728b)
Start importing Assets/Sprites/Ground.jpg using Guid(a59ed0fa006735043b226c35535e7fd8) Importer(815301076,1909f56bfc062723c751e8b465ee728b)  -> (artifact id: '671d4bdf7cbd3aa7b785cd62544ef23f') in 0.048543 seconds 
  Import took 0.053405 seconds .

========================================================================
Received Import Request.
  Time since last request: 141.784980 seconds.
  path: Assets/Sprites/Players.png
  artifactKey: Guid(b6c8cc83ef181cd4aa7d93027993c412) Importer(815301076,1909f56bfc062723c751e8b465ee728b)
Start importing Assets/Sprites/Players.png using Guid(b6c8cc83ef181cd4aa7d93027993c412) Importer(815301076,1909f56bfc062723c751e8b465ee728b)  -> (artifact id: 'a1d0543685383021148140a35755f951') in 0.171396 seconds 
  Import took 0.183915 seconds .

========================================================================
Received Import Request.
  Time since last request: 193.255424 seconds.
  path: Assets/Sprites/Players.png
  artifactKey: Guid(b6c8cc83ef181cd4aa7d93027993c412) Importer(815301076,1909f56bfc062723c751e8b465ee728b)
Start importing Assets/Sprites/Players.png using Guid(b6c8cc83ef181cd4aa7d93027993c412) Importer(815301076,1909f56bfc062723c751e8b465ee728b)  -> (artifact id: 'ae882c36ec468e713d37756196575356') in 0.116717 seconds 
  Import took 0.124013 seconds .

========================================================================
Received Import Request.
  Time since last request: 43.884296 seconds.
  path: Assets/Sprites/Enemies.png
  artifactKey: Guid(35a983b1b19029e4d9723bf6dfdbea77) Importer(815301076,1909f56bfc062723c751e8b465ee728b)
Start importing Assets/Sprites/Enemies.png using Guid(35a983b1b19029e4d9723bf6dfdbea77) Importer(815301076,1909f56bfc062723c751e8b465ee728b)  -> (artifact id: 'b898599a67800104b1ac8f8d9afb0f84') in 0.040833 seconds 
  Import took 0.045463 seconds .

========================================================================
Received Import Request.
  Time since last request: 17.524747 seconds.
  path: Assets/Sprites/Enemies.png
  artifactKey: Guid(35a983b1b19029e4d9723bf6dfdbea77) Importer(815301076,1909f56bfc062723c751e8b465ee728b)
Start importing Assets/Sprites/Enemies.png using Guid(35a983b1b19029e4d9723bf6dfdbea77) Importer(815301076,1909f56bfc062723c751e8b465ee728b)  -> (artifact id: 'dbd0231866b53d0b97cc9d93b72c3f59') in 0.153417 seconds 
  Import took 0.159458 seconds .

========================================================================
Received Import Request.
  Time since last request: 13.353312 seconds.
  path: Assets
  artifactKey: Guid(00000000000000001000000000000000) Importer(815301076,1909f56bfc062723c751e8b465ee728b)
Start importing Assets using Guid(00000000000000001000000000000000) Importer(815301076,1909f56bfc062723c751e8b465ee728b)  -> (artifact id: '42d402b061de3733987d63b9cc3b64de') in 0.020399 seconds 
  Import took 0.025532 seconds .

========================================================================
Received Import Request.
  Time since last request: 7.779897 seconds.
  path: Assets/Animations
  artifactKey: Guid(3f124b806459bee4bac9fb8ccb2acf94) Importer(815301076,1909f56bfc062723c751e8b465ee728b)
Start importing Assets/Animations using Guid(3f124b806459bee4bac9fb8ccb2acf94) Importer(815301076,1909f56bfc062723c751e8b465ee728b)  -> (artifact id: 'adc029f05be7e3a91016476fff438c16') in 0.019072 seconds 
  Import took 0.024826 seconds .

========================================================================
Received Import Request.
  Time since last request: 0.001200 seconds.
  path: Assets/Animations
  artifactKey: Guid(3f124b806459bee4bac9fb8ccb2acf94) Importer(815301076,1909f56bfc062723c751e8b465ee728b)
Start importing Assets/Animations using Guid(3f124b806459bee4bac9fb8ccb2acf94) Importer(815301076,1909f56bfc062723c751e8b465ee728b)  -> (artifact id: 'adc029f05be7e3a91016476fff438c16') in 0.009808 seconds 
  Import took 0.017655 seconds .

========================================================================
Received Import Request.
  Time since last request: 100.787583 seconds.
  path: Assets/Animations/Player1.controller
  artifactKey: Guid(25dfaf0ed440bf34fac9d81659a34032) Importer(815301076,1909f56bfc062723c751e8b465ee728b)
Start importing Assets/Animations/Player1.controller using Guid(25dfaf0ed440bf34fac9d81659a34032) Importer(815301076,1909f56bfc062723c751e8b465ee728b)  -> (artifact id: '42d508089463824e318752848dcf5583') in 0.027484 seconds 
  Import took 0.034472 seconds .

AssetImportWorkerClient::OnTransportError - code=2 error=End of file
